app/guard/build/intermediates/manifest_merge_blame_file/debug/processDebugMainManifest/manifest-merger-blame-debug-report.txt
1<?xml version="1.0" encoding="utf-8"?>
2<manifest xmlns:android="http://schemas.android.com/apk/res/android"
3    package="org.fortressos.guard"
4    android:versionCode="1"
5    android:versionName="0.1" >
6
7    <uses-sdk
7-->INJECTED
8        android:minSdkVersion="30"
8-->INJECTED
9        android:targetSdkVersion="36" />
9-->INJECTED
10
11    <!--
12      READ_LOGS has the "development" protection flag, so it cannot be
13      granted by tapping; grant it once over adb:
14        adb shell pm grant org.fortressos.guard android.permission.READ_LOGS
15      Without it the app still runs and says so.
16    -->
17    <uses-permission android:name="android.permission.READ_LOGS" />
17-->src/main/AndroidManifest.xml:10:5-68
17-->src/main/AndroidManifest.xml:10:22-65
18    <uses-permission android:name="android.permission.QUERY_ALL_PACKAGES" />
18-->src/main/AndroidManifest.xml:11:5-77
18-->src/main/AndroidManifest.xml:11:22-74
19
20    <application
20-->src/main/AndroidManifest.xml:13:5-25:19
21        android:allowBackup="false"
21-->src/main/AndroidManifest.xml:16:9-36
22        android:debuggable="true"
23        android:extractNativeLibs="false"
23-->INJECTED
24        android:label="@string/app_name"
24-->src/main/AndroidManifest.xml:14:9-41
25        android:theme="@android:style/Theme.DeviceDefault.DayNight" >
25-->src/main/AndroidManifest.xml:15:9-68
26        <activity
26-->src/main/AndroidManifest.xml:17:9-24:20
27            android:name="org.fortressos.guard.MainActivity"
27-->src/main/AndroidManifest.xml:18:13-41
28            android:exported="true" >
28-->src/main/AndroidManifest.xml:19:13-36
29            <intent-filter>
29-->src/main/AndroidManifest.xml:20:13-23:29
30                <action android:name="android.intent.action.MAIN" />
30-->src/main/AndroidManifest.xml:21:17-69
30-->src/main/AndroidManifest.xml:21:25-66
31
32                <category android:name="android.intent.category.LAUNCHER" />
32-->src/main/AndroidManifest.xml:22:17-77
32-->src/main/AndroidManifest.xml:22:27-74
33            </intent-filter>
34        </activity>
35    </application>
36
37</manifest>